open source     > level 1, order 1, name '/home/garfileo/opt/context/tex/texmf-context/tex/context/base/mkiv/cont-yes.mkiv'
system          > 
system          > ConTeXt  ver: 2017.08.29 19:35 MKIV beta  fmt: 2018.3.27  int: english/english
system          > 
system          > 'cont-new.mkiv' loaded
open source     > level 2, order 2, name '/home/garfileo/opt/context/tex/texmf-context/tex/context/base/mkiv/cont-new.mkiv'
close source    > level 2, order 2, name '/home/garfileo/opt/context/tex/texmf-context/tex/context/base/mkiv/cont-new.mkiv'
system          > files > jobname '02', input './02', result '02'
fonts           > latin modern fonts are not preloaded
languages       > language 'en' is active
open source     > level 2, order 3, name '/home/garfileo/var/jaynes-probability-theory/02/02.tex'
open source     > level 3, order 4, name 'env-mingyi.tex'
resolvers       > modules > 'zhfonts' is loaded
open source     > level 4, order 5, name '/home/garfileo/opt/context/tex/texmf-local/tex/context/third/zhfonts/t-zhfonts.mkiv'
loading         > ConTeXt User Module / zhfonts
resolvers       > lua > loading file '/home/garfileo/opt/context/tex/texmf-local/tex/context/third/zhfonts/t-zhfonts.lua' succeeded
fonts           > preloading latin modern fonts (third stage)
open source     > level 5, order 6, name '/home/garfileo/opt/context/tex/texmf-local/tex/context/third/empty-files/type-loc.mkiv'
close source    > level 5, order 6, name '/home/garfileo/opt/context/tex/texmf-local/tex/context/third/empty-files/type-loc.mkiv'
fonts           > 'fallback modern-designsize rm 11pt' is loaded
close source    > level 4, order 6, name '/home/garfileo/opt/context/tex/texmf-local/tex/context/third/zhfonts/t-zhfonts.mkiv'
close source    > level 3, order 6, name 'env-mingyi.tex'
open source     > level 3, order 7, name '/home/garfileo/opt/context/tex/texmf-context/tex/context/fonts/mkiv/type-imp-xits.mkiv'
open source     > level 4, order 8, name '/home/garfileo/opt/context/tex/texmf-context/tex/context/fonts/mkiv/type-imp-texgyre.mkiv'
close source    > level 4, order 8, name '/home/garfileo/opt/context/tex/texmf-context/tex/context/fonts/mkiv/type-imp-texgyre.mkiv'
close source    > level 3, order 8, name '/home/garfileo/opt/context/tex/texmf-context/tex/context/fonts/mkiv/type-imp-xits.mkiv'
open source     > level 3, order 9, name 'cover.tex'
floatblocks     > '1' placed
metapost        > initializing instance 'metafun' using format 'metafun'
metapost        > loading 'metafun' as '/home/garfileo/opt/context/tex/texmf-context/metapost/context/base/mpiv/metafun.mpiv' using method 'default'
metapost        > initializing number mode 'scaled'
backend         > xmp > using file '/home/garfileo/opt/context/tex/texmf-context/tex/context/base/mkiv/lpdf-pdx.xml'
pages           > flushing realpage 1, userpage 1, subpage 1
pages           > flushing realpage 2, userpage 1
close source    > level 3, order 9, name 'cover.tex'
structure       > sectioning > chapter @ level 2 : 0.1 -> 可信推理
pages           > flushing realpage 3, userpage 1
pages           > flushing realpage 4, userpage 2
structure       > sectioning > chapter @ level 2 : 0.2 -> 量化规则
structure       > sectioning > section @ level 3 : 0.2.1 -> 乘法规则
pages           > flushing realpage 5, userpage 3
pages           > flushing realpage 6, userpage 4
references      > unknown reference '[][aczel-general-solution]'
pages           > flushing realpage 7, userpage 5
pages           > flushing realpage 8, userpage 6
close source    > level 2, order 9, name '/home/garfileo/var/jaynes-probability-theory/02/02.tex'
close source    > level 1, order 9, name '/home/garfileo/opt/context/tex/texmf-context/tex/context/base/mkiv/cont-yes.mkiv'

system          > structure > start used structure

used structure  > text: 02
used structure  >   environment: env-mingyi

system          > structure > stop used structure


system          > files > start used files

used file       >    1: filename=char-prv.lua filetype=tex format=tex foundname=/home/garfileo/opt/context/tex/texmf-context/tex/context/base/mkiv/char-prv.lua fullname=/home/garfileo/opt/context/tex/texmf-context/tex/context/base/mkiv/char-prv.lua usedmethod=database
used file       >    2: filename=cont-yes.mkiv filetype=tex foundname=/home/garfileo/opt/context/tex/texmf-context/tex/context/base/mkiv/cont-yes.mkiv fullname=/home/garfileo/opt/context/tex/texmf-context/tex/context/base/mkiv/cont-yes.mkiv usedmethod=database
used file       >    3: filename=publ-imp-default.lua filetype=scripts foundname=/home/garfileo/opt/context/tex/texmf-context/tex/context/base/mkiv/publ-imp-default.lua fullname=/home/garfileo/opt/context/tex/texmf-context/tex/context/base/mkiv/publ-imp-default.lua usedmethod=database
used file       >    4: filename=cont-new.mkiv filetype=tex foundname=/home/garfileo/opt/context/tex/texmf-context/tex/context/base/mkiv/cont-new.mkiv fullname=/home/garfileo/opt/context/tex/texmf-context/tex/context/base/mkiv/cont-new.mkiv usedmethod=database
used file       >    5: filename=lang-exc.lua filetype=scripts foundname=/home/garfileo/opt/context/tex/texmf-context/tex/context/base/mkiv/lang-exc.lua fullname=/home/garfileo/opt/context/tex/texmf-context/tex/context/base/mkiv/lang-exc.lua usedmethod=database
used file       >    6: filename=lang-us.lua filetype=scripts foundname=/home/garfileo/opt/context/tex/texmf-context/tex/context/patterns/mkiv/lang-us.lua fullname=/home/garfileo/opt/context/tex/texmf-context/tex/context/patterns/mkiv/lang-us.lua usedmethod=database
used file       >    7: filename=/home/garfileo/var/jaynes-probability-theory/02/02 foundname=/home/garfileo/var/jaynes-probability-theory/02/02.tex fullname=/home/garfileo/var/jaynes-probability-theory/02/02.tex usedmethod=qualified
used file       >    8: filename=env-mingyi.tex foundname=env-mingyi.tex fullname=/home/garfileo/var/jaynes-probability-theory/02/env-mingyi.tex usedmethod=direct
used file       >    9: filename=t-zhfonts.mkiv filetype=tex foundname=/home/garfileo/opt/context/tex/texmf-local/tex/context/third/zhfonts/t-zhfonts.mkiv fullname=/home/garfileo/opt/context/tex/texmf-local/tex/context/third/zhfonts/t-zhfonts.mkiv usedmethod=database
used file       >   10: filename=t-zhfonts.lua filetype=tex format=tex foundname=/home/garfileo/opt/context/tex/texmf-local/tex/context/third/zhfonts/t-zhfonts.lua fullname=/home/garfileo/opt/context/tex/texmf-local/tex/context/third/zhfonts/t-zhfonts.lua usedmethod=database
used file       >   11: filename=t-zhspuncs.lua filetype=tex format=tex foundname=/home/garfileo/opt/context/tex/texmf-local/tex/context/third/zhfonts/t-zhspuncs.lua fullname=/home/garfileo/opt/context/tex/texmf-local/tex/context/third/zhfonts/t-zhspuncs.lua usedmethod=database
used file       >   12: filename=type-loc.mkiv filetype=tex foundname=/home/garfileo/opt/context/tex/texmf-local/tex/context/third/empty-files/type-loc.mkiv fullname=/home/garfileo/opt/context/tex/texmf-local/tex/context/third/empty-files/type-loc.mkiv usedmethod=database
used file       >   13: filename=lm.lfg filetype=tex foundname=/home/garfileo/opt/context/tex/texmf-context/tex/context/fonts/mkiv/lm.lfg fullname=/home/garfileo/opt/context/tex/texmf-context/tex/context/fonts/mkiv/lm.lfg usedmethod=database
used file       >   14: filename=lmroman10-regular filetype=otf format=otf foundname=/home/garfileo/opt/context/tex/texmf/fonts/opentype/public/lm/lmroman10-regular.otf fullname=/home/garfileo/opt/context/tex/texmf/fonts/opentype/public/lm/lmroman10-regular.otf usedmethod=database
used file       >   15: filename=latinmodern-math.otf filetype=opentypefonts foundname=/home/garfileo/opt/context/tex/texmf/fonts/opentype/public/lm-math/latinmodern-math.otf fullname=/home/garfileo/opt/context/tex/texmf/fonts/opentype/public/lm-math/latinmodern-math.otf usedmethod=database
used file       >   16: filename=type-imp-xits.mkiv filetype=tex foundname=/home/garfileo/opt/context/tex/texmf-context/tex/context/fonts/mkiv/type-imp-xits.mkiv fullname=/home/garfileo/opt/context/tex/texmf-context/tex/context/fonts/mkiv/type-imp-xits.mkiv usedmethod=database
used file       >   17: filename=type-imp-texgyre.mkiv filetype=tex foundname=/home/garfileo/opt/context/tex/texmf-context/tex/context/fonts/mkiv/type-imp-texgyre.mkiv fullname=/home/garfileo/opt/context/tex/texmf-context/tex/context/fonts/mkiv/type-imp-texgyre.mkiv usedmethod=database
used file       >   18: filename=xits-math.lfg filetype=tex foundname=/home/garfileo/opt/context/tex/texmf-context/tex/context/fonts/mkiv/xits-math.lfg fullname=/home/garfileo/opt/context/tex/texmf-context/tex/context/fonts/mkiv/xits-math.lfg usedmethod=database
used file       >   19: filename=texgyrepagella-regular.otf filetype=otf format=otf foundname=/home/garfileo/opt/context/tex/texmf/fonts/opentype/public/tex-gyre/texgyrepagella-regular.otf fullname=/home/garfileo/opt/context/tex/texmf/fonts/opentype/public/tex-gyre/texgyrepagella-regular.otf usedmethod=database
used file       >   20: filename=simsun.ttc filetype=ttc format=ttc foundname=/home/garfileo/opt/context/tex/texmf-local/fonts/truetype/non-free/simsun.ttc fullname=/home/garfileo/opt/context/tex/texmf-local/fonts/truetype/non-free/simsun.ttc usedmethod=otherwise
used file       >   21: filename=xits-math.otf filetype=otf format=otf foundname=/home/garfileo/opt/context/tex/texmf/fonts/opentype/public/xits/xits-math.otf fullname=/home/garfileo/opt/context/tex/texmf/fonts/opentype/public/xits/xits-math.otf usedmethod=database
used file       >   22: filename=xits-mathbold.otf filetype=otf format=otf foundname=/home/garfileo/opt/context/tex/texmf/fonts/opentype/public/xits/xits-mathbold.otf fullname=/home/garfileo/opt/context/tex/texmf/fonts/opentype/public/xits/xits-mathbold.otf usedmethod=database
used file       >   23: filename=cover filetype=tex foundname=cover.tex fullname=/home/garfileo/var/jaynes-probability-theory/02/cover.tex usedmethod=filesystem
used file       >   24: filename=texgyrepagella-bold.otf filetype=otf format=otf foundname=/home/garfileo/opt/context/tex/texmf/fonts/opentype/public/tex-gyre/texgyrepagella-bold.otf fullname=/home/garfileo/opt/context/tex/texmf/fonts/opentype/public/tex-gyre/texgyrepagella-bold.otf usedmethod=database
used file       >   25: filename=simhei.ttf filetype=ttf format=ttf foundname=/home/garfileo/opt/context/tex/texmf-local/fonts/truetype/non-free/simhei.ttf fullname=/home/garfileo/opt/context/tex/texmf-local/fonts/truetype/non-free/simhei.ttf usedmethod=database
used file       >   26: filename=metafun.mpiv filetype=mp foundname=/home/garfileo/opt/context/tex/texmf-context/metapost/context/base/mpiv/metafun.mpiv fullname=/home/garfileo/opt/context/tex/texmf-context/metapost/context/base/mpiv/metafun.mpiv usedmethod=database
used file       >   27: filename=mp-base.mpiv filetype=mp format=mp foundname=/home/garfileo/opt/context/tex/texmf-context/metapost/context/base/mpiv/mp-base.mpiv fullname=/home/garfileo/opt/context/tex/texmf-context/metapost/context/base/mpiv/mp-base.mpiv usedmethod=database
used file       >   28: filename=mp-tool.mpiv filetype=mp format=mp foundname=/home/garfileo/opt/context/tex/texmf-context/metapost/context/base/mpiv/mp-tool.mpiv fullname=/home/garfileo/opt/context/tex/texmf-context/metapost/context/base/mpiv/mp-tool.mpiv usedmethod=database
used file       >   29: filename=mp-mlib.mpiv filetype=mp format=mp foundname=/home/garfileo/opt/context/tex/texmf-context/metapost/context/base/mpiv/mp-mlib.mpiv fullname=/home/garfileo/opt/context/tex/texmf-context/metapost/context/base/mpiv/mp-mlib.mpiv usedmethod=database
used file       >   30: filename=mp-luas.mpiv filetype=mp format=mp foundname=/home/garfileo/opt/context/tex/texmf-context/metapost/context/base/mpiv/mp-luas.mpiv fullname=/home/garfileo/opt/context/tex/texmf-context/metapost/context/base/mpiv/mp-luas.mpiv usedmethod=database
used file       >   31: filename=mp-page.mpiv filetype=mp format=mp foundname=/home/garfileo/opt/context/tex/texmf-context/metapost/context/base/mpiv/mp-page.mpiv fullname=/home/garfileo/opt/context/tex/texmf-context/metapost/context/base/mpiv/mp-page.mpiv usedmethod=database
used file       >   32: filename=mp-butt.mpiv filetype=mp format=mp foundname=/home/garfileo/opt/context/tex/texmf-context/metapost/context/base/mpiv/mp-butt.mpiv fullname=/home/garfileo/opt/context/tex/texmf-context/metapost/context/base/mpiv/mp-butt.mpiv usedmethod=database
used file       >   33: filename=mp-shap.mpiv filetype=mp format=mp foundname=/home/garfileo/opt/context/tex/texmf-context/metapost/context/base/mpiv/mp-shap.mpiv fullname=/home/garfileo/opt/context/tex/texmf-context/metapost/context/base/mpiv/mp-shap.mpiv usedmethod=database
used file       >   34: filename=mp-grph.mpiv filetype=mp format=mp foundname=/home/garfileo/opt/context/tex/texmf-context/metapost/context/base/mpiv/mp-grph.mpiv fullname=/home/garfileo/opt/context/tex/texmf-context/metapost/context/base/mpiv/mp-grph.mpiv usedmethod=database
used file       >   35: filename=mp-grid.mpiv filetype=mp format=mp foundname=/home/garfileo/opt/context/tex/texmf-context/metapost/context/base/mpiv/mp-grid.mpiv fullname=/home/garfileo/opt/context/tex/texmf-context/metapost/context/base/mpiv/mp-grid.mpiv usedmethod=database
used file       >   36: filename=mp-form.mpiv filetype=mp format=mp foundname=/home/garfileo/opt/context/tex/texmf-context/metapost/context/base/mpiv/mp-form.mpiv fullname=/home/garfileo/opt/context/tex/texmf-context/metapost/context/base/mpiv/mp-form.mpiv usedmethod=database
used file       >   37: filename=mp-figs.mpiv filetype=mp format=mp foundname=/home/garfileo/opt/context/tex/texmf-context/metapost/context/base/mpiv/mp-figs.mpiv fullname=/home/garfileo/opt/context/tex/texmf-context/metapost/context/base/mpiv/mp-figs.mpiv usedmethod=database
used file       >   38: filename=mp-func.mpiv filetype=mp format=mp foundname=/home/garfileo/opt/context/tex/texmf-context/metapost/context/base/mpiv/mp-func.mpiv fullname=/home/garfileo/opt/context/tex/texmf-context/metapost/context/base/mpiv/mp-func.mpiv usedmethod=database
used file       >   39: filename=mp-apos.mpiv filetype=mp format=mp foundname=/home/garfileo/opt/context/tex/texmf-context/metapost/context/base/mpiv/mp-apos.mpiv fullname=/home/garfileo/opt/context/tex/texmf-context/metapost/context/base/mpiv/mp-apos.mpiv usedmethod=database
used file       >   40: filename=mp-abck.mpiv filetype=mp format=mp foundname=/home/garfileo/opt/context/tex/texmf-context/metapost/context/base/mpiv/mp-abck.mpiv fullname=/home/garfileo/opt/context/tex/texmf-context/metapost/context/base/mpiv/mp-abck.mpiv usedmethod=database
used file       >   41: filename=lpdf-pdx.xml filetype=tex foundname=/home/garfileo/opt/context/tex/texmf-context/tex/context/base/mkiv/lpdf-pdx.xml fullname=/home/garfileo/opt/context/tex/texmf-context/tex/context/base/mkiv/lpdf-pdx.xml usedmethod=database
used file       >   42: filename=lmmono10-regular.otf filetype=otf format=otf foundname=/home/garfileo/opt/context/tex/texmf/fonts/opentype/public/lm/lmmono10-regular.otf fullname=/home/garfileo/opt/context/tex/texmf/fonts/opentype/public/lm/lmmono10-regular.otf usedmethod=database
used file       >   43: filename=AdobeFangsongStd-Regular.otf filetype=otf format=otf foundname=/home/garfileo/opt/context/tex/texmf-local/fonts/opentype/adobe/AdobeFangsongStd-Regular.otf fullname=/home/garfileo/opt/context/tex/texmf-local/fonts/opentype/adobe/AdobeFangsongStd-Regular.otf usedmethod=database

system          > files > stop used files


system          > options > start commandline options

used option     > currentrun="1"
used option     > fulljobname="./02"
used option     > input="./02"
used option     > kindofrun="1"
used option     > maxnofruns="9"
used option     > no-parse-first-line="true"

system          > options > stop commandline options

system          > options > start commandline files

used file       >    1: ./02

system          > options > stop commandline files


references      > start problematic references

references      > unknown >    1: [][aczel-general-solution]

references      > stop problematic references


mkiv lua stats  > used config file: selfautoparent:/texmf/web2c/texmfcnf.lua
mkiv lua stats  > used cache path: /home/garfileo/opt/context/tex/texmf-cache/luatex-cache/context/5fe67e0bfe781ce0dde776fb1556f32e
mkiv lua stats  > resource resolver: loadtime 0.011 seconds, 0 scans with scantime 0.000 seconds, 0 shared scans, 43 found files, scanned paths: <none>
mkiv lua stats  > stored bytecode data: 405 modules (0.394 sec), 91 tables (0.023 sec), 496 chunks (0.417 sec)
mkiv lua stats  > traced context: maxstack: 1252, freed: 4, unreachable: 1248
mkiv lua stats  > cleaned up reserved nodes: 65 nodes, 11 lists of 450
mkiv lua stats  > node memory usage: 3 glue, 5 kern, 2 penalty, 21 attribute, 52 glue_spec, 5 attribute_list, 2 temp, 2 user_defined
mkiv lua stats  > node list callback tasks: 7 unique task lists, 8 instances (re)created, 877 calls
mkiv lua stats  > h-node processing time: 0.011 seconds including kernel
mkiv lua stats  > used backend: pdf (backend for directly generating pdf output)
mkiv lua stats  > jobdata time: 0.003 seconds saving, 0.001 seconds loading
mkiv lua stats  > callbacks: 1830 direct, 1019 indirect, 2849 total
mkiv lua stats  > randomizer: resumed with value 0.60861064959317
mkiv lua stats  > loaded tex modules: 1 requested, all found (*-zhfonts)
mkiv lua stats  > loaded patterns: en::2, load time: 0.000
mkiv lua stats  > interactive elements: 0 references, 1 destinations
mkiv lua stats  > result saved in file: 02.pdf, compresslevel 3, objectcompresslevel 3
mkiv lua stats  > loaded fonts: 10 files: adobefangsongstd-regular.otf, simhei.ttf, simsun.ttc, latinmodern-math.otf, lmmono10-regular.otf, lmroman10-regular.otf, texgyrepagella-bold.otf, texgyrepagella-regular.otf, xits-math.otf, xits-mathbold.otf
mkiv lua stats  > font engine: otf 3.102, afm 1.512, tfm 1.000, 44 instances, 28 shared in backend, 0 common vectors, 28 common hashes, load time 3.273 seconds 
mkiv lua stats  > metapost processing time: 0.155 seconds, loading: 0.022, execution: 0.037, n: 3, average: 0.071, instances: 1, memory: 2.373 M
mkiv lua stats  > math processing time: 0.015 seconds 
mkiv lua stats  > page group warning: transparencies are used but no pagecolormodel is set
mkiv lua stats  > cross referencing: 12 identified, 1 unknown
mkiv lua stats  > used platform: linux-64, type: unix, binary subtree: texmf-linux-64
mkiv lua stats  > used engine: luatex version 1.05 with functionality level 6357, banner: this is luatex, version 1.05.0 (tex live 2017)
mkiv lua stats  > control sequences: 48163 of 65536 + 100000
mkiv lua stats  > lua properties: engine: lua, used memory: 322 MB (ctx: 324 MB), hash type: lua, hash chars: min(64,40), symbol mask: utf (τεχ)
mkiv lua stats  > runtime: 4.591 seconds, 8 processed pages, 8 shipped pages, 1.743 pages/second

