open source     > level 1, order 1, name '/home/garfileo/opt/context/tex/texmf-context/tex/context/base/mkiv/cont-yes.mkiv'
system          > 
system          > ConTeXt  ver: 2018.03.22 19:41 MKIV beta  fmt: 2018.3.30  int: english/english
system          > 
system          > 'cont-new.mkiv' loaded
open source     > level 2, order 2, name '/home/garfileo/opt/context/tex/texmf-context/tex/context/base/mkiv/cont-new.mkiv'
close source    > level 2, order 2, name '/home/garfileo/opt/context/tex/texmf-context/tex/context/base/mkiv/cont-new.mkiv'
system          > files > jobname 'main', input './main', result 'main'
fonts           > latin modern fonts are not preloaded
languages       > language 'en' is active
open source     > level 2, order 3, name '/home/garfileo/var/jaynes/02/main.tex'
open source     > level 3, order 4, name 'env-mingyi.tex'
modules         > 'zhfonts' is loaded
open source     > level 4, order 5, name '/home/garfileo/opt/context/tex/texmf-local/tex/context/third/zhfonts/t-zhfonts.mkiv'
loading         > ConTeXt User Module / zhfonts
fonts           > preloading latin modern fonts (third stage)
open source     > level 5, order 6, name '/home/garfileo/opt/context/tex/texmf-local/tex/context/third/empty-files/type-loc.mkiv'
close source    > level 5, order 6, name '/home/garfileo/opt/context/tex/texmf-local/tex/context/third/empty-files/type-loc.mkiv'
fonts           > 'fallback modern-designsize rm 11pt' is loaded
close source    > level 4, order 6, name '/home/garfileo/opt/context/tex/texmf-local/tex/context/third/zhfonts/t-zhfonts.mkiv'
close source    > level 3, order 6, name 'env-mingyi.tex'
open source     > level 3, order 7, name '/home/garfileo/opt/context/tex/texmf-context/tex/context/fonts/mkiv/type-imp-xits.mkiv'
open source     > level 4, order 8, name '/home/garfileo/opt/context/tex/texmf-context/tex/context/fonts/mkiv/type-imp-texgyre.mkiv'
close source    > level 4, order 8, name '/home/garfileo/opt/context/tex/texmf-context/tex/context/fonts/mkiv/type-imp-texgyre.mkiv'
close source    > level 3, order 8, name '/home/garfileo/opt/context/tex/texmf-context/tex/context/fonts/mkiv/type-imp-xits.mkiv'
open source     > level 3, order 9, name 'cover.tex'
floatblocks     > '1' placed (here)
metapost        > initializing instance 'metafun' using format 'metafun'
metapost        > loading 'metafun' as '/home/garfileo/opt/context/tex/texmf-context/metapost/context/base/mpiv/metafun.mpiv' using method 'default'
metapost        > initializing number mode 'scaled'
backend         > xmp > using file '/home/garfileo/opt/context/tex/texmf-context/tex/context/base/mkiv/lpdf-pdx.xml'
pages           > flushing realpage 1, userpage 1, subpage 1
pages           > flushing realpage 2, userpage 1
close source    > level 3, order 9, name 'cover.tex'
open source     > level 3, order 10, name '01.tex'
structure       > sectioning > chapter @ level 2 : 0.1 -> 可信推理
structure       > sectioning > section @ level 3 : 0.1.1 -> 演绎推理与可信推理
pages           > flushing realpage 3, userpage 1
pages           > flushing realpage 4, userpage 2
structure       > sectioning > section @ level 3 : 0.1.2 -> 类比于物理学
pages           > flushing realpage 5, userpage 3
structure       > sectioning > section @ level 3 : 0.1.3 -> 会思考的计算机
structure       > sectioning > section @ level 3 : 0.1.4 -> 介绍一下机器人
pages           > flushing realpage 6, userpage 4
structure       > sectioning > section @ level 3 : 0.1.5 -> 布尔代数
structure       > sectioning > section @ level 3 : 0.1.6 -> 运算的完备集
structure       > sectioning > section @ level 3 : 0.1.7 -> 公设
structure       > sectioning > section @ level 3 : 0.1.8 -> 评论
close source    > level 3, order 10, name '01.tex'
open source     > level 3, order 11, name '02.tex'
pages           > flushing realpage 7, userpage 5
pages           > flushing realpage 8, userpage 6
structure       > sectioning > chapter @ level 2 : 0.2 -> 量化规则
structure       > sectioning > section @ level 3 : 0.2.1 -> 乘法规则
pages           > flushing realpage 9, userpage 7
pages           > flushing realpage 10, userpage 8
pages           > flushing realpage 11, userpage 9
pages           > flushing realpage 12, userpage 10
pages           > flushing realpage 13, userpage 11
close source    > level 3, order 11, name '02.tex'
pages           > flushing realpage 14, userpage 12
close source    > level 2, order 11, name '/home/garfileo/var/jaynes/02/main.tex'
close source    > level 1, order 11, name '/home/garfileo/opt/context/tex/texmf-context/tex/context/base/mkiv/cont-yes.mkiv'

system          > start used files

system          > text: main
system          >   environment: env-mingyi

system          > stop used files


system          > start used files

system          >    1: filename=char-prv.lua filetype=tex format=tex foundname=/home/garfileo/opt/context/tex/texmf-context/tex/context/base/mkiv/char-prv.lua fullname=/home/garfileo/opt/context/tex/texmf-context/tex/context/base/mkiv/char-prv.lua usedmethod=database
system          >    2: filename=cont-yes.mkiv filetype=tex foundname=/home/garfileo/opt/context/tex/texmf-context/tex/context/base/mkiv/cont-yes.mkiv fullname=/home/garfileo/opt/context/tex/texmf-context/tex/context/base/mkiv/cont-yes.mkiv usedmethod=database
system          >    3: filename=publ-imp-default.lua filetype=lua foundname=/home/garfileo/opt/context/tex/texmf-context/tex/context/base/mkiv/publ-imp-default.lua fullname=/home/garfileo/opt/context/tex/texmf-context/tex/context/base/mkiv/publ-imp-default.lua usedmethod=database
system          >    4: filename=cont-new.mkiv filetype=tex foundname=/home/garfileo/opt/context/tex/texmf-context/tex/context/base/mkiv/cont-new.mkiv fullname=/home/garfileo/opt/context/tex/texmf-context/tex/context/base/mkiv/cont-new.mkiv usedmethod=database
system          >    5: filename=lang-exc.lua filetype=lua foundname=/home/garfileo/opt/context/tex/texmf-context/tex/context/base/mkiv/lang-exc.lua fullname=/home/garfileo/opt/context/tex/texmf-context/tex/context/base/mkiv/lang-exc.lua usedmethod=database
system          >    6: filename=lang-us.lua filetype=lua foundname=/home/garfileo/opt/context/tex/texmf-context/tex/context/patterns/mkiv/lang-us.lua fullname=/home/garfileo/opt/context/tex/texmf-context/tex/context/patterns/mkiv/lang-us.lua usedmethod=database
system          >    7: filename=/home/garfileo/var/jaynes/02/main foundname=/home/garfileo/var/jaynes/02/main.tex fullname=/home/garfileo/var/jaynes/02/main.tex usedmethod=qualified
system          >    8: filename=env-mingyi.tex foundname=env-mingyi.tex fullname=/home/garfileo/var/jaynes/02/env-mingyi.tex usedmethod=direct
system          >    9: filename=t-zhfonts.mkiv filetype=tex foundname=/home/garfileo/opt/context/tex/texmf-local/tex/context/third/zhfonts/t-zhfonts.mkiv fullname=/home/garfileo/opt/context/tex/texmf-local/tex/context/third/zhfonts/t-zhfonts.mkiv usedmethod=database
system          >   10: filename=t-zhspuncs.lua filetype=tex format=tex foundname=/home/garfileo/opt/context/tex/texmf-local/tex/context/third/zhfonts/t-zhspuncs.lua fullname=/home/garfileo/opt/context/tex/texmf-local/tex/context/third/zhfonts/t-zhspuncs.lua usedmethod=database
system          >   11: filename=type-loc.mkiv filetype=tex foundname=/home/garfileo/opt/context/tex/texmf-local/tex/context/third/empty-files/type-loc.mkiv fullname=/home/garfileo/opt/context/tex/texmf-local/tex/context/third/empty-files/type-loc.mkiv usedmethod=database
system          >   12: filename=lm.lfg filetype=tex foundname=/home/garfileo/opt/context/tex/texmf-context/tex/context/fonts/mkiv/lm.lfg fullname=/home/garfileo/opt/context/tex/texmf-context/tex/context/fonts/mkiv/lm.lfg usedmethod=database
system          >   13: filename=lmroman10-regular filetype=otf format=otf foundname=/home/garfileo/opt/context/tex/texmf/fonts/opentype/public/lm/lmroman10-regular.otf fullname=/home/garfileo/opt/context/tex/texmf/fonts/opentype/public/lm/lmroman10-regular.otf usedmethod=database
system          >   14: filename=latinmodern-math.otf filetype=opentypefonts foundname=/home/garfileo/opt/context/tex/texmf/fonts/opentype/public/lm-math/latinmodern-math.otf fullname=/home/garfileo/opt/context/tex/texmf/fonts/opentype/public/lm-math/latinmodern-math.otf usedmethod=database
system          >   15: filename=type-imp-xits.mkiv filetype=tex foundname=/home/garfileo/opt/context/tex/texmf-context/tex/context/fonts/mkiv/type-imp-xits.mkiv fullname=/home/garfileo/opt/context/tex/texmf-context/tex/context/fonts/mkiv/type-imp-xits.mkiv usedmethod=database
system          >   16: filename=type-imp-texgyre.mkiv filetype=tex foundname=/home/garfileo/opt/context/tex/texmf-context/tex/context/fonts/mkiv/type-imp-texgyre.mkiv fullname=/home/garfileo/opt/context/tex/texmf-context/tex/context/fonts/mkiv/type-imp-texgyre.mkiv usedmethod=database
system          >   17: filename=xits-math.lfg filetype=tex foundname=/home/garfileo/opt/context/tex/texmf-context/tex/context/fonts/mkiv/xits-math.lfg fullname=/home/garfileo/opt/context/tex/texmf-context/tex/context/fonts/mkiv/xits-math.lfg usedmethod=database
system          >   18: filename=texgyrepagella-regular.otf filetype=otf format=otf foundname=/home/garfileo/opt/context/tex/texmf/fonts/opentype/public/tex-gyre/texgyrepagella-regular.otf fullname=/home/garfileo/opt/context/tex/texmf/fonts/opentype/public/tex-gyre/texgyrepagella-regular.otf usedmethod=database
system          >   19: filename=simsun.ttc filetype=ttc format=ttc foundname=/home/garfileo/opt/context/tex/texmf-local/fonts/truetype/non-free/simsun.ttc fullname=/home/garfileo/opt/context/tex/texmf-local/fonts/truetype/non-free/simsun.ttc usedmethod=otherwise
system          >   20: filename=xitsmath-regular.otf filetype=opentypefonts foundname=/home/garfileo/opt/context/tex/texmf/fonts/opentype/public/xits/XITSMath-Regular.otf fullname=/home/garfileo/opt/context/tex/texmf/fonts/opentype/public/xits/XITSMath-Regular.otf usedmethod=database
system          >   21: filename=xitsmath-bold.otf filetype=opentypefonts foundname=/home/garfileo/opt/context/tex/texmf/fonts/opentype/public/xits/XITSMath-Bold.otf fullname=/home/garfileo/opt/context/tex/texmf/fonts/opentype/public/xits/XITSMath-Bold.otf usedmethod=database
system          >   22: filename=cover filetype=tex foundname=cover.tex fullname=/home/garfileo/var/jaynes/02/cover.tex usedmethod=filesystem
system          >   23: filename=texgyrepagella-bold.otf filetype=otf format=otf foundname=/home/garfileo/opt/context/tex/texmf/fonts/opentype/public/tex-gyre/texgyrepagella-bold.otf fullname=/home/garfileo/opt/context/tex/texmf/fonts/opentype/public/tex-gyre/texgyrepagella-bold.otf usedmethod=database
system          >   24: filename=simkai.ttf filetype=ttf format=ttf foundname=/home/garfileo/opt/context/tex/texmf-local/fonts/truetype/non-free/simkai.ttf fullname=/home/garfileo/opt/context/tex/texmf-local/fonts/truetype/non-free/simkai.ttf usedmethod=database
system          >   25: filename=metafun.mpiv filetype=mp foundname=/home/garfileo/opt/context/tex/texmf-context/metapost/context/base/mpiv/metafun.mpiv fullname=/home/garfileo/opt/context/tex/texmf-context/metapost/context/base/mpiv/metafun.mpiv usedmethod=database
system          >   26: filename=mp-base.mpiv filetype=mp format=mp foundname=/home/garfileo/opt/context/tex/texmf-context/metapost/context/base/mpiv/mp-base.mpiv fullname=/home/garfileo/opt/context/tex/texmf-context/metapost/context/base/mpiv/mp-base.mpiv usedmethod=database
system          >   27: filename=mp-tool.mpiv filetype=mp format=mp foundname=/home/garfileo/opt/context/tex/texmf-context/metapost/context/base/mpiv/mp-tool.mpiv fullname=/home/garfileo/opt/context/tex/texmf-context/metapost/context/base/mpiv/mp-tool.mpiv usedmethod=database
system          >   28: filename=mp-mlib.mpiv filetype=mp format=mp foundname=/home/garfileo/opt/context/tex/texmf-context/metapost/context/base/mpiv/mp-mlib.mpiv fullname=/home/garfileo/opt/context/tex/texmf-context/metapost/context/base/mpiv/mp-mlib.mpiv usedmethod=database
system          >   29: filename=mp-luas.mpiv filetype=mp format=mp foundname=/home/garfileo/opt/context/tex/texmf-context/metapost/context/base/mpiv/mp-luas.mpiv fullname=/home/garfileo/opt/context/tex/texmf-context/metapost/context/base/mpiv/mp-luas.mpiv usedmethod=database
system          >   30: filename=mp-page.mpiv filetype=mp format=mp foundname=/home/garfileo/opt/context/tex/texmf-context/metapost/context/base/mpiv/mp-page.mpiv fullname=/home/garfileo/opt/context/tex/texmf-context/metapost/context/base/mpiv/mp-page.mpiv usedmethod=database
system          >   31: filename=mp-butt.mpiv filetype=mp format=mp foundname=/home/garfileo/opt/context/tex/texmf-context/metapost/context/base/mpiv/mp-butt.mpiv fullname=/home/garfileo/opt/context/tex/texmf-context/metapost/context/base/mpiv/mp-butt.mpiv usedmethod=database
system          >   32: filename=mp-shap.mpiv filetype=mp format=mp foundname=/home/garfileo/opt/context/tex/texmf-context/metapost/context/base/mpiv/mp-shap.mpiv fullname=/home/garfileo/opt/context/tex/texmf-context/metapost/context/base/mpiv/mp-shap.mpiv usedmethod=database
system          >   33: filename=mp-grph.mpiv filetype=mp format=mp foundname=/home/garfileo/opt/context/tex/texmf-context/metapost/context/base/mpiv/mp-grph.mpiv fullname=/home/garfileo/opt/context/tex/texmf-context/metapost/context/base/mpiv/mp-grph.mpiv usedmethod=database
system          >   34: filename=mp-grid.mpiv filetype=mp format=mp foundname=/home/garfileo/opt/context/tex/texmf-context/metapost/context/base/mpiv/mp-grid.mpiv fullname=/home/garfileo/opt/context/tex/texmf-context/metapost/context/base/mpiv/mp-grid.mpiv usedmethod=database
system          >   35: filename=mp-form.mpiv filetype=mp format=mp foundname=/home/garfileo/opt/context/tex/texmf-context/metapost/context/base/mpiv/mp-form.mpiv fullname=/home/garfileo/opt/context/tex/texmf-context/metapost/context/base/mpiv/mp-form.mpiv usedmethod=database
system          >   36: filename=mp-figs.mpiv filetype=mp format=mp foundname=/home/garfileo/opt/context/tex/texmf-context/metapost/context/base/mpiv/mp-figs.mpiv fullname=/home/garfileo/opt/context/tex/texmf-context/metapost/context/base/mpiv/mp-figs.mpiv usedmethod=database
system          >   37: filename=mp-func.mpiv filetype=mp format=mp foundname=/home/garfileo/opt/context/tex/texmf-context/metapost/context/base/mpiv/mp-func.mpiv fullname=/home/garfileo/opt/context/tex/texmf-context/metapost/context/base/mpiv/mp-func.mpiv usedmethod=database
system          >   38: filename=mp-node.mpiv filetype=mp format=mp foundname=/home/garfileo/opt/context/tex/texmf-context/metapost/context/base/mpiv/mp-node.mpiv fullname=/home/garfileo/opt/context/tex/texmf-context/metapost/context/base/mpiv/mp-node.mpiv usedmethod=database
system          >   39: filename=mp-apos.mpiv filetype=mp format=mp foundname=/home/garfileo/opt/context/tex/texmf-context/metapost/context/base/mpiv/mp-apos.mpiv fullname=/home/garfileo/opt/context/tex/texmf-context/metapost/context/base/mpiv/mp-apos.mpiv usedmethod=database
system          >   40: filename=mp-abck.mpiv filetype=mp format=mp foundname=/home/garfileo/opt/context/tex/texmf-context/metapost/context/base/mpiv/mp-abck.mpiv fullname=/home/garfileo/opt/context/tex/texmf-context/metapost/context/base/mpiv/mp-abck.mpiv usedmethod=database
system          >   41: filename=lpdf-pdx.xml filetype=tex foundname=/home/garfileo/opt/context/tex/texmf-context/tex/context/base/mkiv/lpdf-pdx.xml fullname=/home/garfileo/opt/context/tex/texmf-context/tex/context/base/mkiv/lpdf-pdx.xml usedmethod=database
system          >   42: filename=01 filetype=tex foundname=01.tex fullname=/home/garfileo/var/jaynes/02/01.tex usedmethod=filesystem
system          >   43: filename=02 filetype=tex foundname=02.tex fullname=/home/garfileo/var/jaynes/02/02.tex usedmethod=filesystem

system          > stop used files


system          > start commandline options

system          > currentrun="1"
system          > fulljobname="./main"
system          > input="./main"
system          > kindofrun="1"
system          > maxnofruns="9"
system          > no-parse-first-line="true"

system          > stop commandline options


system          > start commandline files

system          >    1: ./main

system          > stop commandline files


modules         > start used modules

modules         > loaded : *-zhfonts

modules         > stop used modules


mkiv lua stats  > used config file: selfautoparent:/texmf/web2c/texmfcnf.lua
mkiv lua stats  > used cache path: /home/garfileo/opt/context/tex/texmf-cache/luatex-cache/context/5fe67e0bfe781ce0dde776fb1556f32e
mkiv lua stats  > resource resolver: loadtime 0.010 seconds, 0 scans with scantime 0.000 seconds, 0 shared scans, 43 found files, scanned paths: <none>
mkiv lua stats  > stored bytecode data: 410 modules (0.326 sec), 93 tables (0.019 sec), 503 chunks (0.346 sec)
mkiv lua stats  > traced context: maxstack: 1287, freed: 4, unreachable: 1283
mkiv lua stats  > cleaned up reserved nodes: 64 nodes, 11 lists of 453
mkiv lua stats  > node memory usage: 5 glue, 17 kern, 2 penalty, 27 attribute, 56 glue_spec, 7 attribute_list, 2 temp, 2 user_defined
mkiv lua stats  > node list callback tasks: 7 unique task lists, 8 instances (re)created, 2132 calls
mkiv lua stats  > h-node processing time: 0.030 seconds including kernel
mkiv lua stats  > attribute processing time: 0.021 seconds front- and backend
mkiv lua stats  > used backend: pdf (backend for directly generating pdf output)
mkiv lua stats  > jobdata time: 0.005 seconds saving, 0.001 seconds loading
mkiv lua stats  > callbacks: 4520 direct, 1448 indirect, 5968 total
mkiv lua stats  > randomizer: resumed with value 0.13932751119137
mkiv lua stats  > loaded tex modules: 1 requested, all found (*-zhfonts)
mkiv lua stats  > loaded patterns: en::2, load time: 0.000
mkiv lua stats  > interactive elements: 0 references, 3 destinations
mkiv lua stats  > result saved in file: main.pdf, compresslevel 3, objectcompresslevel 3
mkiv lua stats  > loaded fonts: 8 files: simkai.ttf, simsun.ttc, latinmodern-math.otf, lmroman10-regular.otf, texgyrepagella-bold.otf, texgyrepagella-regular.otf, xitsmath-bold.otf, xitsmath-regular.otf
mkiv lua stats  > font engine: otf 3.103, afm 1.513, tfm 1.000, 37 instances, 23 shared in backend, 0 common vectors, 23 common hashes, load time 2.316 seconds 
mkiv lua stats  > metapost processing time: 0.149 seconds, loading: 0.024, execution: 0.033, n: 3, average: 0.069, instances: 1, memory: 2.493 M
mkiv lua stats  > math processing time: 0.024 seconds 
mkiv lua stats  > page group warning: transparencies are used but no pagecolormodel is set
mkiv lua stats  > used platform: linux-64, type: unix, binary subtree: texmf-linux-64
mkiv lua stats  > used engine: luatex version 1.07 with functionality level 6661, banner: this is luatex, version 1.07.0 (tex live 2018)
mkiv lua stats  > control sequences: 49224 of 65536 + 100000
mkiv lua stats  > lua properties: engine: lua 5.3, used memory: 262 MB (ctx: 262 MB), hash type: lua, hash chars: min(64,40), symbol mask: utf (τεχ)
mkiv lua stats  > runtime: 3.779 seconds, 14 processed pages, 14 shipped pages, 3.705 pages/second

